INFO: [VRFC 10-2263] Analyzing Verilog file "D:/Vivado_project/cpu/cpu.srcs/sources_1/new/ALU.v" into library xil_defaultlib
INFO: [VRFC 10-311] analyzing module ALU
INFO: [VRFC 10-2263] Analyzing Verilog file "D:/Vivado_project/cpu/cpu.srcs/sources_1/new/Adder.v" into library xil_defaultlib
INFO: [VRFC 10-311] analyzing module Adder
INFO: [VRFC 10-2263] Analyzing Verilog file "D:/Vivado_project/cpu/cpu.srcs/sources_1/new/ControlUnit.v" into library xil_defaultlib
INFO: [VRFC 10-311] analyzing module ControlUnit
INFO: [VRFC 10-2263] Analyzing Verilog file "D:/Vivado_project/cpu/cpu.srcs/sources_1/new/DataMemory.v" into library xil_defaultlib
INFO: [VRFC 10-311] analyzing module DataMemory
INFO: [VRFC 10-2263] Analyzing Verilog file "D:/Vivado_project/cpu/cpu.srcs/sources_1/new/InstructionMemory.v" into library xil_defaultlib
INFO: [VRFC 10-311] analyzing module InstructionMemory
INFO: [VRFC 10-2263] Analyzing Verilog file "D:/Vivado_project/cpu/cpu.srcs/sources_1/new/Mux2to1.v" into library xil_defaultlib
INFO: [VRFC 10-311] analyzing module Mux2to1
INFO: [VRFC 10-2263] Analyzing Verilog file "D:/Vivado_project/cpu/cpu.srcs/sources_1/new/ProgramCounter.v" into library xil_defaultlib
INFO: [VRFC 10-311] analyzing module ProgramCounter
INFO: [VRFC 10-2263] Analyzing Verilog file "D:/Vivado_project/cpu/cpu.srcs/sources_1/new/RegisterFile.v" into library xil_defaultlib
INFO: [VRFC 10-311] analyzing module RegisterFile
INFO: [VRFC 10-2263] Analyzing Verilog file "D:/Vivado_project/cpu/cpu.srcs/sources_1/new/SignExtend.v" into library xil_defaultlib
INFO: [VRFC 10-311] analyzing module SignExtend
INFO: [VRFC 10-2263] Analyzing Verilog file "D:/Vivado_project/cpu/cpu.srcs/sources_1/new/cpu_complete.v" into library xil_defaultlib
INFO: [VRFC 10-311] analyzing module cpu_complete
INFO: [VRFC 10-2263] Analyzing Verilog file "D:/Vivado_project/cpu/cpu.srcs/sim_1/new/cpu_complete_tb.v" into library xil_defaultlib
INFO: [VRFC 10-311] analyzing module cpu_complete_tb
